{"C:\\wamp64\\www\\lead-management\\server.js": {"path":"C:\\wamp64\\www\\lead-management\\server.js","statementMap":{"0":{"start":{"line":2,"column":0},"end":{"line":2,"column":27}},"1":{"start":{"line":3,"column":16},"end":{"line":3,"column":34}},"2":{"start":{"line":4,"column":19},"end":{"line":4,"column":41}},"3":{"start":{"line":5,"column":18},"end":{"line":5,"column":37}},"4":{"start":{"line":6,"column":19},"end":{"line":6,"column":49}},"5":{"start":{"line":7,"column":19},"end":{"line":7,"column":49}},"6":{"start":{"line":9,"column":12},"end":{"line":9,"column":21}},"7":{"start":{"line":10,"column":0},"end":{"line":10,"column":27}},"8":{"start":{"line":12,"column":0},"end":{"line":12,"column":30}},"9":{"start":{"line":13,"column":0},"end":{"line":13,"column":30}},"10":{"start":{"line":15,"column":0},"end":{"line":17,"column":3}},"11":{"start":{"line":16,"column":3},"end":{"line":16,"column":70}},"12":{"start":{"line":16,"column":26},"end":{"line":16,"column":68}}},"fnMap":{"0":{"name":"(anonymous_0)","decl":{"start":{"line":15,"column":22},"end":{"line":15,"column":23}},"loc":{"start":{"line":15,"column":28},"end":{"line":17,"column":1}},"line":15},"1":{"name":"(anonymous_1)","decl":{"start":{"line":16,"column":20},"end":{"line":16,"column":21}},"loc":{"start":{"line":16,"column":26},"end":{"line":16,"column":68}},"line":16}},"branchMap":{},"s":{"0":1,"1":1,"2":1,"3":1,"4":1,"5":1,"6":1,"7":1,"8":1,"9":1,"10":1,"11":0,"12":0},"f":{"0":0,"1":0},"b":{},"_coverageSchema":"1a1c01bbd47fc00a2c39e90264f33305004495a9","hash":"ede4a46aeadf5196c1ea83d82d00e14f21d2b3c8"}
,"C:\\wamp64\\www\\lead-management\\controllers\\leadController.js": {"path":"C:\\wamp64\\www\\lead-management\\controllers\\leadController.js","statementMap":{"0":{"start":{"line":1,"column":13},"end":{"line":1,"column":38}},"1":{"start":{"line":3,"column":0},"end":{"line":7,"column":2}},"2":{"start":{"line":4,"column":38},"end":{"line":4,"column":46}},"3":{"start":{"line":5,"column":17},"end":{"line":5,"column":61}},"4":{"start":{"line":6,"column":4},"end":{"line":6,"column":19}},"5":{"start":{"line":9,"column":0},"end":{"line":15,"column":2}},"6":{"start":{"line":10,"column":4},"end":{"line":10,"column":89}},"7":{"start":{"line":10,"column":35},"end":{"line":10,"column":89}},"8":{"start":{"line":11,"column":19},"end":{"line":11,"column":29}},"9":{"start":{"line":12,"column":24},"end":{"line":12,"column":32}},"10":{"start":{"line":13,"column":4},"end":{"line":13,"column":74}},"11":{"start":{"line":14,"column":4},"end":{"line":14,"column":43}},"12":{"start":{"line":17,"column":0},"end":{"line":22,"column":2}},"13":{"start":{"line":18,"column":19},"end":{"line":18,"column":29}},"14":{"start":{"line":19,"column":23},"end":{"line":19,"column":31}},"15":{"start":{"line":20,"column":4},"end":{"line":20,"column":53}},"16":{"start":{"line":21,"column":4},"end":{"line":21,"column":42}},"17":{"start":{"line":24,"column":0},"end":{"line":31,"column":2}},"18":{"start":{"line":25,"column":19},"end":{"line":25,"column":29}},"19":{"start":{"line":26,"column":23},"end":{"line":26,"column":31}},"20":{"start":{"line":27,"column":17},"end":{"line":27,"column":40}},"21":{"start":{"line":28,"column":4},"end":{"line":28,"column":130}},"22":{"start":{"line":28,"column":39},"end":{"line":28,"column":130}},"23":{"start":{"line":29,"column":4},"end":{"line":29,"column":42}},"24":{"start":{"line":30,"column":4},"end":{"line":30,"column":52}},"25":{"start":{"line":33,"column":0},"end":{"line":65,"column":2}},"26":{"start":{"line":34,"column":52},"end":{"line":34,"column":61}},"27":{"start":{"line":35,"column":24},"end":{"line":35,"column":26}},"28":{"start":{"line":37,"column":4},"end":{"line":39,"column":5}},"29":{"start":{"line":38,"column":8},"end":{"line":38,"column":36}},"30":{"start":{"line":41,"column":4},"end":{"line":43,"column":5}},"31":{"start":{"line":42,"column":8},"end":{"line":42,"column":38}},"32":{"start":{"line":45,"column":4},"end":{"line":57,"column":5}},"33":{"start":{"line":46,"column":8},"end":{"line":48,"column":10}},"34":{"start":{"line":49,"column":11},"end":{"line":57,"column":5}},"35":{"start":{"line":50,"column":8},"end":{"line":52,"column":10}},"36":{"start":{"line":53,"column":11},"end":{"line":57,"column":5}},"37":{"start":{"line":54,"column":8},"end":{"line":56,"column":10}},"38":{"start":{"line":59,"column":4},"end":{"line":64,"column":5}},"39":{"start":{"line":60,"column":22},"end":{"line":60,"column":64}},"40":{"start":{"line":61,"column":8},"end":{"line":61,"column":24}},"41":{"start":{"line":63,"column":8},"end":{"line":63,"column":55}}},"fnMap":{"0":{"name":"(anonymous_0)","decl":{"start":{"line":3,"column":21},"end":{"line":3,"column":22}},"loc":{"start":{"line":3,"column":41},"end":{"line":7,"column":1}},"line":3},"1":{"name":"(anonymous_1)","decl":{"start":{"line":9,"column":21},"end":{"line":9,"column":22}},"loc":{"start":{"line":9,"column":41},"end":{"line":15,"column":1}},"line":9},"2":{"name":"(anonymous_2)","decl":{"start":{"line":17,"column":23},"end":{"line":17,"column":24}},"loc":{"start":{"line":17,"column":43},"end":{"line":22,"column":1}},"line":17},"3":{"name":"(anonymous_3)","decl":{"start":{"line":24,"column":21},"end":{"line":24,"column":22}},"loc":{"start":{"line":24,"column":41},"end":{"line":31,"column":1}},"line":24},"4":{"name":"(anonymous_4)","decl":{"start":{"line":33,"column":19},"end":{"line":33,"column":20}},"loc":{"start":{"line":33,"column":39},"end":{"line":65,"column":1}},"line":33}},"branchMap":{"0":{"loc":{"start":{"line":10,"column":4},"end":{"line":10,"column":89}},"type":"if","locations":[{"start":{"line":10,"column":4},"end":{"line":10,"column":89}},{"start":{},"end":{}}],"line":10},"1":{"loc":{"start":{"line":28,"column":4},"end":{"line":28,"column":130}},"type":"if","locations":[{"start":{"line":28,"column":4},"end":{"line":28,"column":130}},{"start":{},"end":{}}],"line":28},"2":{"loc":{"start":{"line":37,"column":4},"end":{"line":39,"column":5}},"type":"if","locations":[{"start":{"line":37,"column":4},"end":{"line":39,"column":5}},{"start":{},"end":{}}],"line":37},"3":{"loc":{"start":{"line":41,"column":4},"end":{"line":43,"column":5}},"type":"if","locations":[{"start":{"line":41,"column":4},"end":{"line":43,"column":5}},{"start":{},"end":{}}],"line":41},"4":{"loc":{"start":{"line":45,"column":4},"end":{"line":57,"column":5}},"type":"if","locations":[{"start":{"line":45,"column":4},"end":{"line":57,"column":5}},{"start":{"line":49,"column":11},"end":{"line":57,"column":5}}],"line":45},"5":{"loc":{"start":{"line":45,"column":8},"end":{"line":45,"column":28}},"type":"binary-expr","locations":[{"start":{"line":45,"column":8},"end":{"line":45,"column":17}},{"start":{"line":45,"column":21},"end":{"line":45,"column":28}}],"line":45},"6":{"loc":{"start":{"line":49,"column":11},"end":{"line":57,"column":5}},"type":"if","locations":[{"start":{"line":49,"column":11},"end":{"line":57,"column":5}},{"start":{"line":53,"column":11},"end":{"line":57,"column":5}}],"line":49},"7":{"loc":{"start":{"line":53,"column":11},"end":{"line":57,"column":5}},"type":"if","locations":[{"start":{"line":53,"column":11},"end":{"line":57,"column":5}},{"start":{},"end":{}}],"line":53}},"s":{"0":1,"1":1,"2":0,"3":0,"4":0,"5":1,"6":0,"7":0,"8":0,"9":0,"10":0,"11":0,"12":1,"13":0,"14":0,"15":0,"16":0,"17":1,"18":0,"19":0,"20":0,"21":0,"22":0,"23":0,"24":0,"25":1,"26":0,"27":0,"28":0,"29":0,"30":0,"31":0,"32":0,"33":0,"34":0,"35":0,"36":0,"37":0,"38":0,"39":0,"40":0,"41":0},"f":{"0":0,"1":0,"2":0,"3":0,"4":0},"b":{"0":[0,0],"1":[0,0],"2":[0,0],"3":[0,0],"4":[0,0],"5":[0,0],"6":[0,0],"7":[0,0]},"_coverageSchema":"1a1c01bbd47fc00a2c39e90264f33305004495a9","hash":"9270e6e78527fa9fa289faff434ad8036cd43c68"}
,"C:\\wamp64\\www\\lead-management\\controllers\\userController.js": {"path":"C:\\wamp64\\www\\lead-management\\controllers\\userController.js","statementMap":{"0":{"start":{"line":1,"column":15},"end":{"line":1,"column":34}},"1":{"start":{"line":2,"column":12},"end":{"line":2,"column":35}},"2":{"start":{"line":3,"column":13},"end":{"line":3,"column":38}},"3":{"start":{"line":5,"column":0},"end":{"line":10,"column":2}},"4":{"start":{"line":6,"column":44},"end":{"line":6,"column":52}},"5":{"start":{"line":7,"column":27},"end":{"line":7,"column":58}},"6":{"start":{"line":8,"column":17},"end":{"line":8,"column":83}},"7":{"start":{"line":9,"column":4},"end":{"line":9,"column":19}},"8":{"start":{"line":12,"column":0},"end":{"line":19,"column":2}},"9":{"start":{"line":13,"column":32},"end":{"line":13,"column":40}},"10":{"start":{"line":14,"column":17},"end":{"line":14,"column":57}},"11":{"start":{"line":15,"column":4},"end":{"line":15,"column":131}},"12":{"start":{"line":15,"column":67},"end":{"line":15,"column":131}},"13":{"start":{"line":17,"column":18},"end":{"line":17,"column":105}},"14":{"start":{"line":18,"column":4},"end":{"line":18,"column":24}}},"fnMap":{"0":{"name":"(anonymous_0)","decl":{"start":{"line":5,"column":19},"end":{"line":5,"column":20}},"loc":{"start":{"line":5,"column":39},"end":{"line":10,"column":1}},"line":5},"1":{"name":"(anonymous_1)","decl":{"start":{"line":12,"column":16},"end":{"line":12,"column":17}},"loc":{"start":{"line":12,"column":36},"end":{"line":19,"column":1}},"line":12}},"branchMap":{"0":{"loc":{"start":{"line":15,"column":4},"end":{"line":15,"column":131}},"type":"if","locations":[{"start":{"line":15,"column":4},"end":{"line":15,"column":131}},{"start":{},"end":{}}],"line":15},"1":{"loc":{"start":{"line":15,"column":8},"end":{"line":15,"column":65}},"type":"binary-expr","locations":[{"start":{"line":15,"column":8},"end":{"line":15,"column":13}},{"start":{"line":15,"column":17},"end":{"line":15,"column":65}}],"line":15}},"s":{"0":1,"1":1,"2":1,"3":1,"4":0,"5":0,"6":0,"7":0,"8":1,"9":0,"10":0,"11":0,"12":0,"13":0,"14":0},"f":{"0":0,"1":0},"b":{"0":[0,0],"1":[0,0]},"_coverageSchema":"1a1c01bbd47fc00a2c39e90264f33305004495a9","hash":"7bd92078ab0d1bbf90d33118833de6fa3f77a986"}
,"C:\\wamp64\\www\\lead-management\\middleware\\auth.js": {"path":"C:\\wamp64\\www\\lead-management\\middleware\\auth.js","statementMap":{"0":{"start":{"line":1,"column":12},"end":{"line":1,"column":35}},"1":{"start":{"line":3,"column":24},"end":{"line":12,"column":1}},"2":{"start":{"line":4,"column":17},"end":{"line":4,"column":44}},"3":{"start":{"line":5,"column":3},"end":{"line":5,"column":73}},"4":{"start":{"line":5,"column":15},"end":{"line":5,"column":73}},"5":{"start":{"line":7,"column":3},"end":{"line":11,"column":6}},"6":{"start":{"line":8,"column":7},"end":{"line":8,"column":74}},"7":{"start":{"line":8,"column":16},"end":{"line":8,"column":74}},"8":{"start":{"line":9,"column":7},"end":{"line":9,"column":23}},"9":{"start":{"line":10,"column":7},"end":{"line":10,"column":14}},"10":{"start":{"line":14,"column":0},"end":{"line":14,"column":33}}},"fnMap":{"0":{"name":"(anonymous_0)","decl":{"start":{"line":3,"column":24},"end":{"line":3,"column":25}},"loc":{"start":{"line":3,"column":44},"end":{"line":12,"column":1}},"line":3},"1":{"name":"(anonymous_1)","decl":{"start":{"line":7,"column":45},"end":{"line":7,"column":46}},"loc":{"start":{"line":7,"column":60},"end":{"line":11,"column":4}},"line":7}},"branchMap":{"0":{"loc":{"start":{"line":5,"column":3},"end":{"line":5,"column":73}},"type":"if","locations":[{"start":{"line":5,"column":3},"end":{"line":5,"column":73}},{"start":{},"end":{}}],"line":5},"1":{"loc":{"start":{"line":8,"column":7},"end":{"line":8,"column":74}},"type":"if","locations":[{"start":{"line":8,"column":7},"end":{"line":8,"column":74}},{"start":{},"end":{}}],"line":8}},"s":{"0":1,"1":1,"2":0,"3":0,"4":0,"5":0,"6":0,"7":0,"8":0,"9":0,"10":1},"f":{"0":0,"1":0},"b":{"0":[0,0],"1":[0,0]},"_coverageSchema":"1a1c01bbd47fc00a2c39e90264f33305004495a9","hash":"f6b1765af165e46753c58857dabe40db9c849ac0"}
,"C:\\wamp64\\www\\lead-management\\models\\Lead.js": {"path":"C:\\wamp64\\www\\lead-management\\models\\Lead.js","statementMap":{"0":{"start":{"line":1,"column":22},"end":{"line":1,"column":42}},"1":{"start":{"line":2,"column":18},"end":{"line":2,"column":36}},"2":{"start":{"line":4,"column":13},"end":{"line":17,"column":2}},"3":{"start":{"line":19,"column":0},"end":{"line":19,"column":22}}},"fnMap":{},"branchMap":{},"s":{"0":1,"1":1,"2":1,"3":1},"f":{},"b":{},"_coverageSchema":"1a1c01bbd47fc00a2c39e90264f33305004495a9","hash":"2635068f7082bb7dd986ff1da1827c63cd45a560"}
,"C:\\wamp64\\www\\lead-management\\models\\User.js": {"path":"C:\\wamp64\\www\\lead-management\\models\\User.js","statementMap":{"0":{"start":{"line":1,"column":22},"end":{"line":1,"column":42}},"1":{"start":{"line":2,"column":18},"end":{"line":2,"column":36}},"2":{"start":{"line":4,"column":13},"end":{"line":10,"column":2}},"3":{"start":{"line":12,"column":0},"end":{"line":12,"column":22}}},"fnMap":{},"branchMap":{},"s":{"0":1,"1":1,"2":1,"3":1},"f":{},"b":{},"_coverageSchema":"1a1c01bbd47fc00a2c39e90264f33305004495a9","hash":"8d0b70f1b5fd66f1c7fdf3ec3c8b53f314fd6060"}
,"C:\\wamp64\\www\\lead-management\\models\\index.js": {"path":"C:\\wamp64\\www\\lead-management\\models\\index.js","statementMap":{"0":{"start":{"line":1,"column":0},"end":{"line":1,"column":27}},"1":{"start":{"line":2,"column":22},"end":{"line":2,"column":42}},"2":{"start":{"line":4,"column":18},"end":{"line":7,"column":2}},"3":{"start":{"line":9,"column":0},"end":{"line":9,"column":27}}},"fnMap":{},"branchMap":{},"s":{"0":1,"1":1,"2":1,"3":1},"f":{},"b":{},"_coverageSchema":"1a1c01bbd47fc00a2c39e90264f33305004495a9","hash":"2729eb832c10fe5a6b0fbfb02a8e319d98790354"}
,"C:\\wamp64\\www\\lead-management\\routes\\leadRoutes.js": {"path":"C:\\wamp64\\www\\lead-management\\routes\\leadRoutes.js","statementMap":{"0":{"start":{"line":1,"column":16},"end":{"line":1,"column":34}},"1":{"start":{"line":2,"column":71},"end":{"line":2,"column":111}},"2":{"start":{"line":3,"column":24},"end":{"line":3,"column":53}},"3":{"start":{"line":5,"column":15},"end":{"line":5,"column":31}},"4":{"start":{"line":6,"column":0},"end":{"line":6,"column":46}},"5":{"start":{"line":7,"column":0},"end":{"line":7,"column":55}},"6":{"start":{"line":8,"column":0},"end":{"line":8,"column":59}},"7":{"start":{"line":9,"column":0},"end":{"line":9,"column":58}},"8":{"start":{"line":10,"column":0},"end":{"line":10,"column":43}},"9":{"start":{"line":12,"column":0},"end":{"line":12,"column":24}}},"fnMap":{},"branchMap":{},"s":{"0":1,"1":1,"2":1,"3":1,"4":1,"5":1,"6":1,"7":1,"8":1,"9":1},"f":{},"b":{},"_coverageSchema":"1a1c01bbd47fc00a2c39e90264f33305004495a9","hash":"9b516723ced17fcd4d77e9fd45255e6ba4c6c40a"}
,"C:\\wamp64\\www\\lead-management\\routes\\userRoutes.js": {"path":"C:\\wamp64\\www\\lead-management\\routes\\userRoutes.js","statementMap":{"0":{"start":{"line":1,"column":16},"end":{"line":1,"column":34}},"1":{"start":{"line":2,"column":28},"end":{"line":2,"column":68}},"2":{"start":{"line":3,"column":15},"end":{"line":3,"column":31}},"3":{"start":{"line":5,"column":0},"end":{"line":5,"column":35}},"4":{"start":{"line":6,"column":0},"end":{"line":6,"column":29}},"5":{"start":{"line":8,"column":0},"end":{"line":8,"column":24}}},"fnMap":{},"branchMap":{},"s":{"0":1,"1":1,"2":1,"3":1,"4":1,"5":1},"f":{},"b":{},"_coverageSchema":"1a1c01bbd47fc00a2c39e90264f33305004495a9","hash":"529b9332c903d1c495754fc930e148fdbb12abd2"}
}
